Start testing: Aug 10 03:29 UTC
----------------------------------------------------------
1/2 Testing: HomeLightsUnitTests
1/2 Test: HomeLightsUnitTests
Command: "/home/engine/project/build/tests/HomeLightsTests"
Directory: /home/engine/project/build/tests
"HomeLightsUnitTests" start time: Aug 10 03:29 UTC
Output:
----------------------------------------------------------
Running all tests...

Running: Test_Constructor_ValidHostAndPort... In Function: HomeLights::HomeLights
	Function Arguments:-->host: localhost, port: 8080
PASSED
Running: Test_Constructor_EmptyHost... In Function: HomeLights::HomeLights
	Function Arguments:-->host: , port: 8080
PASSED
Running: Test_BrightnessConversion_ToPercentage_MinValue... In Function: HomeLights::convertValueToFromPercentage
	Function Arguments:-->toFromPercentage: true | value: 0
PASSED
Running: Test_BrightnessConversion_ToPercentage_MaxValue... In Function: HomeLights::convertValueToFromPercentage
	Function Arguments:-->toFromPercentage: true | value: 255
PASSED
Running: Test_BrightnessConversion_ToPercentage_MiddleValue... In Function: HomeLights::convertValueToFromPercentage
	Function Arguments:-->toFromPercentage: true | value: 128
PASSED
Running: Test_BrightnessConversion_FromPercentage_MinValue... In Function: HomeLights::convertValueToFromPercentage
	Function Arguments:-->toFromPercentage: false | value: 0
PASSED
Running: Test_BrightnessConversion_FromPercentage_MaxValue... In Function: HomeLights::convertValueToFromPercentage
	Function Arguments:-->toFromPercentage: false | value: 100
PASSED
Running: Test_BrightnessConversion_FromPercentage_MiddleValue... In Function: HomeLights::convertValueToFromPercentage
	Function Arguments:-->toFromPercentage: false | value: 50
PASSED
Running: Test_ChangesQueue_InitiallyEmpty... In Function: HomeLights::HomeLights
	Function Arguments:-->host: localhost, port: 8080
In Function: HomeLights::areAnyChangesInQueue
	changesToLightState queue empty status: true
PASSED
Running: Test_ChangesQueue_AddAndRetrieve... In Function: HomeLights::HomeLights
	Function Arguments:-->host: localhost, port: 8080
In Function: HomeLights::inspectDataForChanges
	Function Argument:-->checkForNewData: true
New Light: {"id":"1","name":"Living Room","room":"living_room","on":true,"brightness":75}
	currentLightData: [{"id":"1","name":"Living Room","room":"living_room","on":true,"brightness":50}]
	searchId: 1
	lightKeys[0]: id
currentLight: {"id":"1","name":"Living Room","room":"living_room","on":true,"brightness":50}
Light found in current light data...
	newLight[key]: "Living Room" | N8nlohmann16json_abi_v3_12_010basic_jsonINS0_11ordered_mapESt6vectorNSt7__cxx1112basic_stringIcSt11char_traitsIcESaIcEEEblmdSaNS0_14adl_serializerES3_IhSaIhEEvEE
	currentLight[key]: "Living Room" | N8nlohmann16json_abi_v3_12_010basic_jsonINS0_11ordered_mapESt6vectorNSt7__cxx1112basic_stringIcSt11char_traitsIcESaIcEEEblmdSaNS0_14adl_serializerES3_IhSaIhEEvEE
	comparison: false
	newLight[key]: "living_room" | N8nlohmann16json_abi_v3_12_010basic_jsonINS0_11ordered_mapESt6vectorNSt7__cxx1112basic_stringIcSt11char_traitsIcESaIcEEEblmdSaNS0_14adl_serializerES3_IhSaIhEEvEE
	currentLight[key]: "living_room" | N8nlohmann16json_abi_v3_12_010basic_jsonINS0_11ordered_mapESt6vectorNSt7__cxx1112basic_stringIcSt11char_traitsIcESaIcEEEblmdSaNS0_14adl_serializerES3_IhSaIhEEvEE
	comparison: false
	newLight[key]: true | N8nlohmann16json_abi_v3_12_010basic_jsonINS0_11ordered_mapESt6vectorNSt7__cxx1112basic_stringIcSt11char_traitsIcESaIcEEEblmdSaNS0_14adl_serializerES3_IhSaIhEEvEE
	currentLight[key]: true | N8nlohmann16json_abi_v3_12_010basic_jsonINS0_11ordered_mapESt6vectorNSt7__cxx1112basic_stringIcSt11char_traitsIcESaIcEEEblmdSaNS0_14adl_serializerES3_IhSaIhEEvEE
	comparison: false
	newLight[key]: 75 | N8nlohmann16json_abi_v3_12_010basic_jsonINS0_11ordered_mapESt6vectorNSt7__cxx1112basic_stringIcSt11char_traitsIcESaIcEEEblmdSaNS0_14adl_serializerES3_IhSaIhEEvEE
	currentLight[key]: 50 | N8nlohmann16json_abi_v3_12_010basic_jsonINS0_11ordered_mapESt6vectorNSt7__cxx1112basic_stringIcSt11char_traitsIcESaIcEEEblmdSaNS0_14adl_serializerES3_IhSaIhEEvEE
	comparison: true
Change to Light has been Identified...
	searchId: 1 | NSt7__cxx1112basic_stringIcSt11char_traitsIcESaIcEEE
	key: brightness | NSt7__cxx1112basic_stringIcSt11char_traitsIcESaIcEEE
	newLight[key]: 75 | N8nlohmann16json_abi_v3_12_010basic_jsonINS0_11ordered_mapESt6vectorNSt7__cxx1112basic_stringIcSt11char_traitsIcESaIcEEEblmdSaNS0_14adl_serializerES3_IhSaIhEEvEE
Updating currentLightData with newLightData...
In Function: HomeLights::areAnyChangesInQueue
	changesToLightState queue empty status: false
In Function: HomeLights::getLightStateChange
	frontChange: {
  "id": "1",
  "brightness": 75
}
PASSED
Running: Test_ChangesQueue_MultipleChanges... In Function: HomeLights::HomeLights
	Function Arguments:-->host: localhost, port: 8080
In Function: HomeLights::inspectDataForChanges
	Function Argument:-->checkForNewData: true
New Light: {"id":"1","name":"Living Room","room":"living_room","on":false,"brightness":75}
	currentLightData: [{"id":"1","name":"Living Room","room":"living_room","on":true,"brightness":50},{"id":"2","name":"Kitchen","room":"kitchen","on":false,"brightness":25}]
	searchId: 1
	lightKeys[0]: id
currentLight: {"id":"1","name":"Living Room","room":"living_room","on":true,"brightness":50}
Light found in current light data...
	newLight[key]: "Living Room" | N8nlohmann16json_abi_v3_12_010basic_jsonINS0_11ordered_mapESt6vectorNSt7__cxx1112basic_stringIcSt11char_traitsIcESaIcEEEblmdSaNS0_14adl_serializerES3_IhSaIhEEvEE
	currentLight[key]: "Living Room" | N8nlohmann16json_abi_v3_12_010basic_jsonINS0_11ordered_mapESt6vectorNSt7__cxx1112basic_stringIcSt11char_traitsIcESaIcEEEblmdSaNS0_14adl_serializerES3_IhSaIhEEvEE
	comparison: false
	newLight[key]: "living_room" | N8nlohmann16json_abi_v3_12_010basic_jsonINS0_11ordered_mapESt6vectorNSt7__cxx1112basic_stringIcSt11char_traitsIcESaIcEEEblmdSaNS0_14adl_serializerES3_IhSaIhEEvEE
	currentLight[key]: "living_room" | N8nlohmann16json_abi_v3_12_010basic_jsonINS0_11ordered_mapESt6vectorNSt7__cxx1112basic_stringIcSt11char_traitsIcESaIcEEEblmdSaNS0_14adl_serializerES3_IhSaIhEEvEE
	comparison: false
	newLight[key]: false | N8nlohmann16json_abi_v3_12_010basic_jsonINS0_11ordered_mapESt6vectorNSt7__cxx1112basic_stringIcSt11char_traitsIcESaIcEEEblmdSaNS0_14adl_serializerES3_IhSaIhEEvEE
	currentLight[key]: true | N8nlohmann16json_abi_v3_12_010basic_jsonINS0_11ordered_mapESt6vectorNSt7__cxx1112basic_stringIcSt11char_traitsIcESaIcEEEblmdSaNS0_14adl_serializerES3_IhSaIhEEvEE
	comparison: true
Change to Light has been Identified...
	searchId: 1 | NSt7__cxx1112basic_stringIcSt11char_traitsIcESaIcEEE
	key: on | NSt7__cxx1112basic_stringIcSt11char_traitsIcESaIcEEE
	newLight[key]: false | N8nlohmann16json_abi_v3_12_010basic_jsonINS0_11ordered_mapESt6vectorNSt7__cxx1112basic_stringIcSt11char_traitsIcESaIcEEEblmdSaNS0_14adl_serializerES3_IhSaIhEEvEE
	newLight[key]: 75 | N8nlohmann16json_abi_v3_12_010basic_jsonINS0_11ordered_mapESt6vectorNSt7__cxx1112basic_stringIcSt11char_traitsIcESaIcEEEblmdSaNS0_14adl_serializerES3_IhSaIhEEvEE
	currentLight[key]: 50 | N8nlohmann16json_abi_v3_12_010basic_jsonINS0_11ordered_mapESt6vectorNSt7__cxx1112basic_stringIcSt11char_traitsIcESaIcEEEblmdSaNS0_14adl_serializerES3_IhSaIhEEvEE
	comparison: true
Change to Light has been Identified...
	searchId: 1 | NSt7__cxx1112basic_stringIcSt11char_traitsIcESaIcEEE
	key: brightness | NSt7__cxx1112basic_stringIcSt11char_traitsIcESaIcEEE
	newLight[key]: 75 | N8nlohmann16json_abi_v3_12_010basic_jsonINS0_11ordered_mapESt6vectorNSt7__cxx1112basic_stringIcSt11char_traitsIcESaIcEEEblmdSaNS0_14adl_serializerES3_IhSaIhEEvEE
Updating currentLightData with newLightData...
New Light: {"id":"2","name":"Kitchen","room":"kitchen","on":true,"brightness":25}
	currentLightData: [{"id":"1","name":"Living Room","room":"living_room","on":false,"brightness":75},{"id":"2","name":"Kitchen","room":"kitchen","on":true,"brightness":25}]
	searchId: 2
	lightKeys[0]: id
currentLight: {"id":"2","name":"Kitchen","room":"kitchen","on":true,"brightness":25}
Light found in current light data...
	newLight[key]: "Kitchen" | N8nlohmann16json_abi_v3_12_010basic_jsonINS0_11ordered_mapESt6vectorNSt7__cxx1112basic_stringIcSt11char_traitsIcESaIcEEEblmdSaNS0_14adl_serializerES3_IhSaIhEEvEE
	currentLight[key]: "Kitchen" | N8nlohmann16json_abi_v3_12_010basic_jsonINS0_11ordered_mapESt6vectorNSt7__cxx1112basic_stringIcSt11char_traitsIcESaIcEEEblmdSaNS0_14adl_serializerES3_IhSaIhEEvEE
	comparison: false
	newLight[key]: "kitchen" | N8nlohmann16json_abi_v3_12_010basic_jsonINS0_11ordered_mapESt6vectorNSt7__cxx1112basic_stringIcSt11char_traitsIcESaIcEEEblmdSaNS0_14adl_serializerES3_IhSaIhEEvEE
	currentLight[key]: "kitchen" | N8nlohmann16json_abi_v3_12_010basic_jsonINS0_11ordered_mapESt6vectorNSt7__cxx1112basic_stringIcSt11char_traitsIcESaIcEEEblmdSaNS0_14adl_serializerES3_IhSaIhEEvEE
	comparison: false
	newLight[key]: true | N8nlohmann16json_abi_v3_12_010basic_jsonINS0_11ordered_mapESt6vectorNSt7__cxx1112basic_stringIcSt11char_traitsIcESaIcEEEblmdSaNS0_14adl_serializerES3_IhSaIhEEvEE
	currentLight[key]: true | N8nlohmann16json_abi_v3_12_010basic_jsonINS0_11ordered_mapESt6vectorNSt7__cxx1112basic_stringIcSt11char_traitsIcESaIcEEEblmdSaNS0_14adl_serializerES3_IhSaIhEEvEE
	comparison: false
	newLight[key]: 25 | N8nlohmann16json_abi_v3_12_010basic_jsonINS0_11ordered_mapESt6vectorNSt7__cxx1112basic_stringIcSt11char_traitsIcESaIcEEEblmdSaNS0_14adl_serializerES3_IhSaIhEEvEE
	currentLight[key]: 25 | N8nlohmann16json_abi_v3_12_010basic_jsonINS0_11ordered_mapESt6vectorNSt7__cxx1112basic_stringIcSt11char_traitsIcESaIcEEEblmdSaNS0_14adl_serializerES3_IhSaIhEEvEE
	comparison: false
In Function: HomeLights::areAnyChangesInQueue
	changesToLightState queue empty status: false
In Function: HomeLights::areAnyChangesInQueue
	changesToLightState queue empty status: false
In Function: HomeLights::getLightStateChange
	frontChange: {
  "id": "1",
  "on": false
}
In Function: HomeLights::areAnyChangesInQueue
	changesToLightState queue empty status: false
In Function: HomeLights::getLightStateChange
	frontChange: {
  "id": "1",
  "brightness": 75
}
In Function: HomeLights::areAnyChangesInQueue
	changesToLightState queue empty status: true
PASSED
Running: Test_LightData_ValidJsonResponse... In Function: HomeLights::HomeLights
	Function Arguments:-->host: localhost, port: 8080
PASSED
Running: Test_LightData_EmptyJsonResponse... In Function: HomeLights::HomeLights
	Function Arguments:-->host: localhost, port: 8080
PASSED
Running: Test_LightData_InvalidJsonKeys... In Function: HomeLights::HomeLights
	Function Arguments:-->host: localhost, port: 8080
PASSED
Running: Test_ChangeDetection_NoChanges... In Function: HomeLights::HomeLights
	Function Arguments:-->host: localhost, port: 8080
In Function: HomeLights::inspectDataForChanges
	Function Argument:-->checkForNewData: true
New Light: {"id":"1","name":"Living Room","room":"living_room","on":true,"brightness":50}
	currentLightData: [{"id":"1","name":"Living Room","room":"living_room","on":true,"brightness":50}]
	searchId: 1
	lightKeys[0]: id
currentLight: {"id":"1","name":"Living Room","room":"living_room","on":true,"brightness":50}
Light found in current light data...
	newLight[key]: "Living Room" | N8nlohmann16json_abi_v3_12_010basic_jsonINS0_11ordered_mapESt6vectorNSt7__cxx1112basic_stringIcSt11char_traitsIcESaIcEEEblmdSaNS0_14adl_serializerES3_IhSaIhEEvEE
	currentLight[key]: "Living Room" | N8nlohmann16json_abi_v3_12_010basic_jsonINS0_11ordered_mapESt6vectorNSt7__cxx1112basic_stringIcSt11char_traitsIcESaIcEEEblmdSaNS0_14adl_serializerES3_IhSaIhEEvEE
	comparison: false
	newLight[key]: "living_room" | N8nlohmann16json_abi_v3_12_010basic_jsonINS0_11ordered_mapESt6vectorNSt7__cxx1112basic_stringIcSt11char_traitsIcESaIcEEEblmdSaNS0_14adl_serializerES3_IhSaIhEEvEE
	currentLight[key]: "living_room" | N8nlohmann16json_abi_v3_12_010basic_jsonINS0_11ordered_mapESt6vectorNSt7__cxx1112basic_stringIcSt11char_traitsIcESaIcEEEblmdSaNS0_14adl_serializerES3_IhSaIhEEvEE
	comparison: false
	newLight[key]: true | N8nlohmann16json_abi_v3_12_010basic_jsonINS0_11ordered_mapESt6vectorNSt7__cxx1112basic_stringIcSt11char_traitsIcESaIcEEEblmdSaNS0_14adl_serializerES3_IhSaIhEEvEE
	currentLight[key]: true | N8nlohmann16json_abi_v3_12_010basic_jsonINS0_11ordered_mapESt6vectorNSt7__cxx1112basic_stringIcSt11char_traitsIcESaIcEEEblmdSaNS0_14adl_serializerES3_IhSaIhEEvEE
	comparison: false
	newLight[key]: 50 | N8nlohmann16json_abi_v3_12_010basic_jsonINS0_11ordered_mapESt6vectorNSt7__cxx1112basic_stringIcSt11char_traitsIcESaIcEEEblmdSaNS0_14adl_serializerES3_IhSaIhEEvEE
	currentLight[key]: 50 | N8nlohmann16json_abi_v3_12_010basic_jsonINS0_11ordered_mapESt6vectorNSt7__cxx1112basic_stringIcSt11char_traitsIcESaIcEEEblmdSaNS0_14adl_serializerES3_IhSaIhEEvEE
	comparison: false
In Function: HomeLights::areAnyChangesInQueue
	changesToLightState queue empty status: true
PASSED
Running: Test_ChangeDetection_BrightnessChange... In Function: HomeLights::HomeLights
	Function Arguments:-->host: localhost, port: 8080
In Function: HomeLights::inspectDataForChanges
	Function Argument:-->checkForNewData: true
New Light: {"id":"1","name":"Living Room","room":"living_room","on":true,"brightness":75}
	currentLightData: [{"id":"1","name":"Living Room","room":"living_room","on":true,"brightness":50}]
	searchId: 1
	lightKeys[0]: id
currentLight: {"id":"1","name":"Living Room","room":"living_room","on":true,"brightness":50}
Light found in current light data...
	newLight[key]: "Living Room" | N8nlohmann16json_abi_v3_12_010basic_jsonINS0_11ordered_mapESt6vectorNSt7__cxx1112basic_stringIcSt11char_traitsIcESaIcEEEblmdSaNS0_14adl_serializerES3_IhSaIhEEvEE
	currentLight[key]: "Living Room" | N8nlohmann16json_abi_v3_12_010basic_jsonINS0_11ordered_mapESt6vectorNSt7__cxx1112basic_stringIcSt11char_traitsIcESaIcEEEblmdSaNS0_14adl_serializerES3_IhSaIhEEvEE
	comparison: false
	newLight[key]: "living_room" | N8nlohmann16json_abi_v3_12_010basic_jsonINS0_11ordered_mapESt6vectorNSt7__cxx1112basic_stringIcSt11char_traitsIcESaIcEEEblmdSaNS0_14adl_serializerES3_IhSaIhEEvEE
	currentLight[key]: "living_room" | N8nlohmann16json_abi_v3_12_010basic_jsonINS0_11ordered_mapESt6vectorNSt7__cxx1112basic_stringIcSt11char_traitsIcESaIcEEEblmdSaNS0_14adl_serializerES3_IhSaIhEEvEE
	comparison: false
	newLight[key]: true | N8nlohmann16json_abi_v3_12_010basic_jsonINS0_11ordered_mapESt6vectorNSt7__cxx1112basic_stringIcSt11char_traitsIcESaIcEEEblmdSaNS0_14adl_serializerES3_IhSaIhEEvEE
	currentLight[key]: true | N8nlohmann16json_abi_v3_12_010basic_jsonINS0_11ordered_mapESt6vectorNSt7__cxx1112basic_stringIcSt11char_traitsIcESaIcEEEblmdSaNS0_14adl_serializerES3_IhSaIhEEvEE
	comparison: false
	newLight[key]: 75 | N8nlohmann16json_abi_v3_12_010basic_jsonINS0_11ordered_mapESt6vectorNSt7__cxx1112basic_stringIcSt11char_traitsIcESaIcEEEblmdSaNS0_14adl_serializerES3_IhSaIhEEvEE
	currentLight[key]: 50 | N8nlohmann16json_abi_v3_12_010basic_jsonINS0_11ordered_mapESt6vectorNSt7__cxx1112basic_stringIcSt11char_traitsIcESaIcEEEblmdSaNS0_14adl_serializerES3_IhSaIhEEvEE
	comparison: true
Change to Light has been Identified...
	searchId: 1 | NSt7__cxx1112basic_stringIcSt11char_traitsIcESaIcEEE
	key: brightness | NSt7__cxx1112basic_stringIcSt11char_traitsIcESaIcEEE
	newLight[key]: 75 | N8nlohmann16json_abi_v3_12_010basic_jsonINS0_11ordered_mapESt6vectorNSt7__cxx1112basic_stringIcSt11char_traitsIcESaIcEEEblmdSaNS0_14adl_serializerES3_IhSaIhEEvEE
Updating currentLightData with newLightData...
In Function: HomeLights::areAnyChangesInQueue
	changesToLightState queue empty status: false
In Function: HomeLights::getLightStateChange
	frontChange: {
  "id": "1",
  "brightness": 75
}
PASSED
Running: Test_ChangeDetection_OnOffToggle... In Function: HomeLights::HomeLights
	Function Arguments:-->host: localhost, port: 8080
In Function: HomeLights::inspectDataForChanges
	Function Argument:-->checkForNewData: true
New Light: {"id":"1","name":"Living Room","room":"living_room","on":false,"brightness":50}
	currentLightData: [{"id":"1","name":"Living Room","room":"living_room","on":true,"brightness":50}]
	searchId: 1
	lightKeys[0]: id
currentLight: {"id":"1","name":"Living Room","room":"living_room","on":true,"brightness":50}
Light found in current light data...
	newLight[key]: "Living Room" | N8nlohmann16json_abi_v3_12_010basic_jsonINS0_11ordered_mapESt6vectorNSt7__cxx1112basic_stringIcSt11char_traitsIcESaIcEEEblmdSaNS0_14adl_serializerES3_IhSaIhEEvEE
	currentLight[key]: "Living Room" | N8nlohmann16json_abi_v3_12_010basic_jsonINS0_11ordered_mapESt6vectorNSt7__cxx1112basic_stringIcSt11char_traitsIcESaIcEEEblmdSaNS0_14adl_serializerES3_IhSaIhEEvEE
	comparison: false
	newLight[key]: "living_room" | N8nlohmann16json_abi_v3_12_010basic_jsonINS0_11ordered_mapESt6vectorNSt7__cxx1112basic_stringIcSt11char_traitsIcESaIcEEEblmdSaNS0_14adl_serializerES3_IhSaIhEEvEE
	currentLight[key]: "living_room" | N8nlohmann16json_abi_v3_12_010basic_jsonINS0_11ordered_mapESt6vectorNSt7__cxx1112basic_stringIcSt11char_traitsIcESaIcEEEblmdSaNS0_14adl_serializerES3_IhSaIhEEvEE
	comparison: false
	newLight[key]: false | N8nlohmann16json_abi_v3_12_010basic_jsonINS0_11ordered_mapESt6vectorNSt7__cxx1112basic_stringIcSt11char_traitsIcESaIcEEEblmdSaNS0_14adl_serializerES3_IhSaIhEEvEE
	currentLight[key]: true | N8nlohmann16json_abi_v3_12_010basic_jsonINS0_11ordered_mapESt6vectorNSt7__cxx1112basic_stringIcSt11char_traitsIcESaIcEEEblmdSaNS0_14adl_serializerES3_IhSaIhEEvEE
	comparison: true
Change to Light has been Identified...
	searchId: 1 | NSt7__cxx1112basic_stringIcSt11char_traitsIcESaIcEEE
	key: on | NSt7__cxx1112basic_stringIcSt11char_traitsIcESaIcEEE
	newLight[key]: false | N8nlohmann16json_abi_v3_12_010basic_jsonINS0_11ordered_mapESt6vectorNSt7__cxx1112basic_stringIcSt11char_traitsIcESaIcEEEblmdSaNS0_14adl_serializerES3_IhSaIhEEvEE
	newLight[key]: 50 | N8nlohmann16json_abi_v3_12_010basic_jsonINS0_11ordered_mapESt6vectorNSt7__cxx1112basic_stringIcSt11char_traitsIcESaIcEEEblmdSaNS0_14adl_serializerES3_IhSaIhEEvEE
	currentLight[key]: 50 | N8nlohmann16json_abi_v3_12_010basic_jsonINS0_11ordered_mapESt6vectorNSt7__cxx1112basic_stringIcSt11char_traitsIcESaIcEEEblmdSaNS0_14adl_serializerES3_IhSaIhEEvEE
	comparison: false
Updating currentLightData with newLightData...
In Function: HomeLights::areAnyChangesInQueue
	changesToLightState queue empty status: false
In Function: HomeLights::getLightStateChange
	frontChange: {
  "id": "1",
  "on": false
}
PASSED
Running: Test_ChangeDetection_NewLightAdded... In Function: HomeLights::HomeLights
	Function Arguments:-->host: localhost, port: 8080
In Function: HomeLights::inspectDataForChanges
	Function Argument:-->checkForNewData: true
New Light: {"id":"1","name":"Living Room","room":"living_room","on":true,"brightness":50}
	currentLightData: [{"id":"1","name":"Living Room","room":"living_room","on":true,"brightness":50}]
	searchId: 1
	lightKeys[0]: id
currentLight: {"id":"1","name":"Living Room","room":"living_room","on":true,"brightness":50}
Light found in current light data...
	newLight[key]: "Living Room" | N8nlohmann16json_abi_v3_12_010basic_jsonINS0_11ordered_mapESt6vectorNSt7__cxx1112basic_stringIcSt11char_traitsIcESaIcEEEblmdSaNS0_14adl_serializerES3_IhSaIhEEvEE
	currentLight[key]: "Living Room" | N8nlohmann16json_abi_v3_12_010basic_jsonINS0_11ordered_mapESt6vectorNSt7__cxx1112basic_stringIcSt11char_traitsIcESaIcEEEblmdSaNS0_14adl_serializerES3_IhSaIhEEvEE
	comparison: false
	newLight[key]: "living_room" | N8nlohmann16json_abi_v3_12_010basic_jsonINS0_11ordered_mapESt6vectorNSt7__cxx1112basic_stringIcSt11char_traitsIcESaIcEEEblmdSaNS0_14adl_serializerES3_IhSaIhEEvEE
	currentLight[key]: "living_room" | N8nlohmann16json_abi_v3_12_010basic_jsonINS0_11ordered_mapESt6vectorNSt7__cxx1112basic_stringIcSt11char_traitsIcESaIcEEEblmdSaNS0_14adl_serializerES3_IhSaIhEEvEE
	comparison: false
	newLight[key]: true | N8nlohmann16json_abi_v3_12_010basic_jsonINS0_11ordered_mapESt6vectorNSt7__cxx1112basic_stringIcSt11char_traitsIcESaIcEEEblmdSaNS0_14adl_serializerES3_IhSaIhEEvEE
	currentLight[key]: true | N8nlohmann16json_abi_v3_12_010basic_jsonINS0_11ordered_mapESt6vectorNSt7__cxx1112basic_stringIcSt11char_traitsIcESaIcEEEblmdSaNS0_14adl_serializerES3_IhSaIhEEvEE
	comparison: false
	newLight[key]: 50 | N8nlohmann16json_abi_v3_12_010basic_jsonINS0_11ordered_mapESt6vectorNSt7__cxx1112basic_stringIcSt11char_traitsIcESaIcEEEblmdSaNS0_14adl_serializerES3_IhSaIhEEvEE
	currentLight[key]: 50 | N8nlohmann16json_abi_v3_12_010basic_jsonINS0_11ordered_mapESt6vectorNSt7__cxx1112basic_stringIcSt11char_traitsIcESaIcEEEblmdSaNS0_14adl_serializerES3_IhSaIhEEvEE
	comparison: false
New Light: {"id":"2","name":"Kitchen","room":"kitchen","on":false,"brightness":25}
	currentLightData: [{"id":"1","name":"Living Room","room":"living_room","on":true,"brightness":50}]
	searchId: 2
	lightKeys[0]: id
New light found...
In Function: HomeLights::areAnyChangesInQueue
	changesToLightState queue empty status: false
In Function: HomeLights::getLightStateChange
	frontChange: {
  "id": "2",
  "name": "Kitchen",
  "room": "kitchen",
  "on": false,
  "brightness": 25
}
PASSED
Running: Test_ChangeDetection_LightRemoved... In Function: HomeLights::HomeLights
	Function Arguments:-->host: localhost, port: 8080
In Function: HomeLights::inspectDataForChanges
	Function Argument:-->checkForNewData: true
New Light: {"id":"1","name":"Living Room","room":"living_room","on":true,"brightness":50}
	currentLightData: [{"id":"1","name":"Living Room","room":"living_room","on":true,"brightness":50},{"id":"2","name":"Kitchen","room":"kitchen","on":false,"brightness":25}]
	searchId: 1
	lightKeys[0]: id
currentLight: {"id":"1","name":"Living Room","room":"living_room","on":true,"brightness":50}
Light found in current light data...
	newLight[key]: "Living Room" | N8nlohmann16json_abi_v3_12_010basic_jsonINS0_11ordered_mapESt6vectorNSt7__cxx1112basic_stringIcSt11char_traitsIcESaIcEEEblmdSaNS0_14adl_serializerES3_IhSaIhEEvEE
	currentLight[key]: "Living Room" | N8nlohmann16json_abi_v3_12_010basic_jsonINS0_11ordered_mapESt6vectorNSt7__cxx1112basic_stringIcSt11char_traitsIcESaIcEEEblmdSaNS0_14adl_serializerES3_IhSaIhEEvEE
	comparison: false
	newLight[key]: "living_room" | N8nlohmann16json_abi_v3_12_010basic_jsonINS0_11ordered_mapESt6vectorNSt7__cxx1112basic_stringIcSt11char_traitsIcESaIcEEEblmdSaNS0_14adl_serializerES3_IhSaIhEEvEE
	currentLight[key]: "living_room" | N8nlohmann16json_abi_v3_12_010basic_jsonINS0_11ordered_mapESt6vectorNSt7__cxx1112basic_stringIcSt11char_traitsIcESaIcEEEblmdSaNS0_14adl_serializerES3_IhSaIhEEvEE
	comparison: false
	newLight[key]: true | N8nlohmann16json_abi_v3_12_010basic_jsonINS0_11ordered_mapESt6vectorNSt7__cxx1112basic_stringIcSt11char_traitsIcESaIcEEEblmdSaNS0_14adl_serializerES3_IhSaIhEEvEE
	currentLight[key]: true | N8nlohmann16json_abi_v3_12_010basic_jsonINS0_11ordered_mapESt6vectorNSt7__cxx1112basic_stringIcSt11char_traitsIcESaIcEEEblmdSaNS0_14adl_serializerES3_IhSaIhEEvEE
	comparison: false
	newLight[key]: 50 | N8nlohmann16json_abi_v3_12_010basic_jsonINS0_11ordered_mapESt6vectorNSt7__cxx1112basic_stringIcSt11char_traitsIcESaIcEEEblmdSaNS0_14adl_serializerES3_IhSaIhEEvEE
	currentLight[key]: 50 | N8nlohmann16json_abi_v3_12_010basic_jsonINS0_11ordered_mapESt6vectorNSt7__cxx1112basic_stringIcSt11char_traitsIcESaIcEEEblmdSaNS0_14adl_serializerES3_IhSaIhEEvEE
	comparison: false
"Kitchen" (2) has been removed
PASSED
Running: Test_EdgeCase_EmptyLightData... In Function: HomeLights::HomeLights
	Function Arguments:-->host: localhost, port: 8080
In Function: HomeLights::inspectDataForChanges
	Function Argument:-->checkForNewData: true
In Function: HomeLights::areAnyChangesInQueue
	changesToLightState queue empty status: true
PASSED
Running: Test_EdgeCase_MissingRequiredKeys... In Function: HomeLights::HomeLights
	Function Arguments:-->host: localhost, port: 8080
PASSED

========== TEST SUMMARY ===========
Total Tests: 21
Passed: 21
Failed: 0
Success Rate: 100%
===================================
<end of output>
Test time =   0.00 sec
----------------------------------------------------------
Test Passed.
"HomeLightsUnitTests" end time: Aug 10 03:29 UTC
"HomeLightsUnitTests" time elapsed: 00:00:00
----------------------------------------------------------

2/2 Testing: HomeLightsIntegrationTests
2/2 Test: HomeLightsIntegrationTests
Command: "/home/engine/project/build/tests/IntegrationTests"
Directory: /home/engine/project/build/tests
"HomeLightsIntegrationTests" start time: Aug 10 03:29 UTC
Output:
----------------------------------------------------------
Running Integration Tests...

Running all tests...

Running: Test_HomeLights_Creation... PASSED
Running: Test_HomeLights_QueueOperations... PASSED
Running: Test_HomeLights_DisplayEmpty... Light Data is not currently captured.
PASSED

========== TEST SUMMARY ===========
Total Tests: 3
Passed: 3
Failed: 0
Success Rate: 100%
===================================
<end of output>
Test time =   0.00 sec
----------------------------------------------------------
Test Passed.
"HomeLightsIntegrationTests" end time: Aug 10 03:29 UTC
"HomeLightsIntegrationTests" time elapsed: 00:00:00
----------------------------------------------------------

End testing: Aug 10 03:29 UTC
